<?xml version="1.0" encoding="UTF-8"?>
<testsuite name="dataDriven.UserDD" tests="2" skipped="0" failures="0" errors="0" timestamp="2021-08-29T11:11:56" hostname="SABR01TALP011" time="4.413">
  <properties/>
  <testcase name="incluirUsuarioDataDriven[0](2005159160, Robertinha, Roberta, da Matta, robertinha_da_matta@gmail.com, 123456789, 47996857412, 0)" classname="dataDriven.UserDD" time="3.521"/>
  <testcase name="incluirUsuarioDataDriven[1](2005159161, Renatinha, Renata, da Silva, renata_da_silva@gmail.com, 123456777, 47996857413, 0)" classname="dataDriven.UserDD" time="0.884"/>
  <system-out><![CDATA[HTTP/1.1 200 OK
Date: Sun, 29 Aug 2021 11:11:59 GMT
Content-Type: application/json
Transfer-Encoding: chunked
Connection: keep-alive
Access-Control-Allow-Origin: *
Access-Control-Allow-Methods: GET, POST, DELETE, PUT
Access-Control-Allow-Headers: Content-Type, api_key, Authorization
Server: Jetty(9.2.9.v20150224)

{
    "code": 200,
    "type": "unknown",
    "message": "2005159160"
}

O id do user eh : 2005159160
HTTP/1.1 200 OK
Date: Sun, 29 Aug 2021 11:12:01 GMT
Content-Type: application/json
Transfer-Encoding: chunked
Connection: keep-alive
Access-Control-Allow-Origin: *
Access-Control-Allow-Methods: GET, POST, DELETE, PUT
Access-Control-Allow-Headers: Content-Type, api_key, Authorization
Server: Jetty(9.2.9.v20150224)

{
    "code": 200,
    "type": "unknown",
    "message": "2005159161"
}

O id do user eh : 2005159161
]]></system-out>
  <system-err><![CDATA[]]></system-err>
</testsuite>
