<?xml version="1.0" encoding="UTF-8"?>
<testsuite name="petstore.Pet" tests="4" skipped="0" failures="0" errors="0" timestamp="2021-08-13T01:03:38" hostname="SABR01TALP011" time="7.304">
  <properties/>
  <testcase name="incluirPet" classname="petstore.Pet" time="3.724"/>
  <testcase name="consultarPet" classname="petstore.Pet" time="1.217"/>
  <testcase name="alterarPet" classname="petstore.Pet" time="1.137"/>
  <testcase name="excluirPet" classname="petstore.Pet" time="1.219"/>
  <system-out><![CDATA[Request method:	POST
Request URI:	https://petstore.swagger.io/v2/pet
Proxy:			<none>
Request params:	<none>
Query params:	<none>
Form params:	<none>
Path params:	<none>
Headers:		Accept=*/*
				Content-Type=application/json; charset=UTF-8
Cookies:		<none>
Multiparts:		<none>
Body:
{
    "id": 828385942006,
    "category": {
        "id": 0,
        "name": "cachorro"
    },
    "name": "camilinha",
    "photoUrls": [
        "string"
    ],
    "tags": [
        {
            "id": 2021,
            "name": "Semana do teste - Agosto"
        }
    ],
    "status": "available"
}
HTTP/1.1 200 OK
Date: Fri, 13 Aug 2021 01:03:41 GMT
Content-Type: application/json
Transfer-Encoding: chunked
Connection: keep-alive
Access-Control-Allow-Origin: *
Access-Control-Allow-Methods: GET, POST, DELETE, PUT
Access-Control-Allow-Headers: Content-Type, api_key, Authorization
Server: Jetty(9.2.9.v20150224)

{
    "id": 828385942006,
    "category": {
        "id": 0,
        "name": "cachorro"
    },
    "name": "camilinha",
    "photoUrls": [
        "string"
    ],
    "tags": [
        {
            "id": 2021,
            "name": "Semana do teste - Agosto"
        }
    ],
    "status": "available"
}
828385942006
Request method:	GET
Request URI:	https://petstore.swagger.io/v2/pet/828385942006
Proxy:			<none>
Request params:	<none>
Query params:	<none>
Form params:	<none>
Path params:	<none>
Headers:		Accept=*/*
				Content-Type=application/json; charset=UTF-8
Cookies:		<none>
Multiparts:		<none>
Body:			<none>
HTTP/1.1 200 OK
Date: Fri, 13 Aug 2021 01:03:43 GMT
Content-Type: application/json
Transfer-Encoding: chunked
Connection: keep-alive
Access-Control-Allow-Origin: *
Access-Control-Allow-Methods: GET, POST, DELETE, PUT
Access-Control-Allow-Headers: Content-Type, api_key, Authorization
Server: Jetty(9.2.9.v20150224)

{
    "id": 828385942006,
    "category": {
        "id": 0,
        "name": "cachorro"
    },
    "name": "camilinha",
    "photoUrls": [
        "string"
    ],
    "tags": [
        {
            "id": 2021,
            "name": "Semana do teste - Agosto"
        }
    ],
    "status": "sold"
}
Request method:	PUT
Request URI:	https://petstore.swagger.io/v2/pet
Proxy:			<none>
Request params:	<none>
Query params:	<none>
Form params:	<none>
Path params:	<none>
Headers:		Accept=*/*
				Content-Type=application/json; charset=UTF-8
Cookies:		<none>
Multiparts:		<none>
Body:
{
    "id": 828385942006,
    "category": {
        "id": 0,
        "name": "cachorro"
    },
    "name": "camilinha",
    "photoUrls": [
        "string"
    ],
    "tags": [
        {
            "id": 2021,
            "name": "Semana do teste - Agosto"
        }
    ],
    "status": "sold"
}
HTTP/1.1 200 OK
Date: Fri, 13 Aug 2021 01:03:44 GMT
Content-Type: application/json
Transfer-Encoding: chunked
Connection: keep-alive
Access-Control-Allow-Origin: *
Access-Control-Allow-Methods: GET, POST, DELETE, PUT
Access-Control-Allow-Headers: Content-Type, api_key, Authorization
Server: Jetty(9.2.9.v20150224)

{
    "id": 828385942006,
    "category": {
        "id": 0,
        "name": "cachorro"
    },
    "name": "camilinha",
    "photoUrls": [
        "string"
    ],
    "tags": [
        {
            "id": 2021,
            "name": "Semana do teste - Agosto"
        }
    ],
    "status": "sold"
}
Request method:	DELETE
Request URI:	https://petstore.swagger.io/v2/pet/828385942006
Proxy:			<none>
Request params:	<none>
Query params:	<none>
Form params:	<none>
Path params:	<none>
Headers:		Accept=*/*
				Content-Type=application/json; charset=UTF-8
Cookies:		<none>
Multiparts:		<none>
Body:			<none>
]]></system-out>
  <system-err><![CDATA[]]></system-err>
</testsuite>
